<?xml version="1.0" encoding="UTF-8"?>
<!-- Generated by org.testng.reporters.JUnitReportReporter -->
<testsuite hostname="SYB-LP-ITS-008" failures="0" tests="1" name="packed.New" time="12.684" errors="0" timestamp="22 Oct 2019 05:08:22 GMT">
  <testcase classname="packed.New" name="openbrowser" time="12.684"/>
</testsuite> <!-- packed.New -->
